<?xml version="1.0" encoding="UTF-8"?>
<testng-results ignored="0" total="1" passed="0" failed="1" skipped="0">
  <reporter-output>
  </reporter-output>
  <suite started-at="2026-07-13T00:37:05 IST" name="Default suite" finished-at="2026-07-13T00:37:13 IST" duration-ms="7356">
    <groups>
    </groups>
    <test started-at="2026-07-13T00:37:05 IST" name="Default test" finished-at="2026-07-13T00:37:13 IST" duration-ms="7356">
      <class name="TestCases.loginTest">
        <test-method is-config="true" signature="globalSetup()[pri:0, instance:TestCases.loginTest@2e66bc32]" started-at="2026-07-13T00:37:01 IST" name="globalSetup" finished-at="2026-07-13T00:37:05 IST" duration-ms="3702" status="PASS">
          <reporter-output>
          </reporter-output>
        </test-method> <!-- globalSetup -->
        <test-method is-config="true" signature="testSetup(java.lang.reflect.Method)[pri:0, instance:TestCases.loginTest@2e66bc32]" started-at="2026-07-13T00:37:05 IST" name="testSetup" finished-at="2026-07-13T00:37:07 IST" duration-ms="2200" status="PASS">
          <params>
            <param index="0">
              <value>
                <![CDATA[public void TestCases.loginTest.loginTest1() throws java.io.IOException,java.lang.InterruptedException]]>
              </value>
            </param>
          </params>
          <reporter-output>
          </reporter-output>
        </test-method> <!-- testSetup -->
        <test-method signature="loginTest1()[pri:0, instance:TestCases.loginTest@2e66bc32]" started-at="2026-07-13T00:37:08 IST" name="loginTest1" finished-at="2026-07-13T00:37:12 IST" duration-ms="4602" status="FAIL">
          <exception class="com.microsoft.playwright.PlaywrightException">
            <message>
              <![CDATA[Error {
  message='Error: strict mode violation: getByPlaceholder("Email Address") resolved to 3 elements:
    1) <input value="" required="" type="email" name="email" data-qa="login-email" placeholder="Email Address"/> aka locator("form").filter(new Locator.FilterOptions().setHasText("Login")).getByPlaceholder("Email Address")
    2) <input value="" required="" type="email" name="email" data-qa="signup-email" placeholder="Email Address"/> aka locator("form").filter(new Locator.FilterOptions().setHasText("Signup")).getByPlaceholder("Email Address")
    3) <input required="" type="email" id="susbscribe_email" placeholder="Your email address"/> aka getByRole(AriaRole.TEXTBOX, new Page.GetByRoleOptions().setName("Your email address"))

  name='Error
  stack='Error: Error: strict mode violation: getByPlaceholder("Email Address") resolved to 3 elements:
    1) <input value="" required="" type="email" name="email" data-qa="login-email" placeholder="Email Address"/> aka locator("form").filter(new Locator.FilterOptions().setHasText("Login")).getByPlaceholder("Email Address")
    2) <input value="" required="" type="email" name="email" data-qa="signup-email" placeholder="Email Address"/> aka locator("form").filter(new Locator.FilterOptions().setHasText("Signup")).getByPlaceholder("Email Address")
    3) <input required="" type="email" id="susbscribe_email" placeholder="Your email address"/> aka getByRole(AriaRole.TEXTBOX, new Page.GetByRoleOptions().setName("Your email address"))

    at CRExecutionContext.evaluateWithArguments (C:\Users\monit\AppData\Local\Temp\playwright-java-9442443197794239977\package\lib\server\chromium\crExecutionContext.js:80:13)
    at async LongStandingScope._race (C:\Users\monit\AppData\Local\Temp\playwright-java-9442443197794239977\package\lib\utils\isomorphic\manualPromise.js:94:14)
    at async evaluateExpression (C:\Users\monit\AppData\Local\Temp\playwright-java-9442443197794239977\package\lib\server\javascript.js:217:12)
    at async C:\Users\monit\AppData\Local\Temp\playwright-java-9442443197794239977\package\lib\server\frames.js:911:22
    at async Frame.retryWithProgressAndTimeouts (C:\Users\monit\AppData\Local\Temp\playwright-java-9442443197794239977\package\lib\server\frames.js:881:24)
    at async Frame.fill (C:\Users\monit\AppData\Local\Temp\playwright-java-9442443197794239977\package\lib\server\frames.js:987:27)
    at async FrameDispatcher.fill (C:\Users\monit\AppData\Local\Temp\playwright-java-9442443197794239977\package\lib\server\dispatchers\frameDispatcher.js:129:12)
    at async ProgressController.run (C:\Users\monit\AppData\Local\Temp\playwright-java-9442443197794239977\package\lib\server\progress.js:78:22)
    at async FrameDispatcher._runCommand (C:\Users\monit\AppData\Local\Temp\playwright-java-9442443197794239977\package\lib\server\dispatchers\dispatcher.js:95:14)
    at async DispatcherConnection.dispatch (C:\Users\monit\AppData\Local\Temp\playwright-java-9442443197794239977\package\lib\server\dispatchers\dispatcher.js:329:22)
}
Call log:
-   - waiting for getByPlaceholder("Email Address")
]]>
            </message>
            <full-stacktrace>
              <![CDATA[com.microsoft.playwright.PlaywrightException: Error {
  message='Error: strict mode violation: getByPlaceholder("Email Address") resolved to 3 elements:
    1) <input value="" required="" type="email" name="email" data-qa="login-email" placeholder="Email Address"/> aka locator("form").filter(new Locator.FilterOptions().setHasText("Login")).getByPlaceholder("Email Address")
    2) <input value="" required="" type="email" name="email" data-qa="signup-email" placeholder="Email Address"/> aka locator("form").filter(new Locator.FilterOptions().setHasText("Signup")).getByPlaceholder("Email Address")
    3) <input required="" type="email" id="susbscribe_email" placeholder="Your email address"/> aka getByRole(AriaRole.TEXTBOX, new Page.GetByRoleOptions().setName("Your email address"))

  name='Error
  stack='Error: Error: strict mode violation: getByPlaceholder("Email Address") resolved to 3 elements:
    1) <input value="" required="" type="email" name="email" data-qa="login-email" placeholder="Email Address"/> aka locator("form").filter(new Locator.FilterOptions().setHasText("Login")).getByPlaceholder("Email Address")
    2) <input value="" required="" type="email" name="email" data-qa="signup-email" placeholder="Email Address"/> aka locator("form").filter(new Locator.FilterOptions().setHasText("Signup")).getByPlaceholder("Email Address")
    3) <input required="" type="email" id="susbscribe_email" placeholder="Your email address"/> aka getByRole(AriaRole.TEXTBOX, new Page.GetByRoleOptions().setName("Your email address"))

    at CRExecutionContext.evaluateWithArguments (C:\Users\monit\AppData\Local\Temp\playwright-java-9442443197794239977\package\lib\server\chromium\crExecutionContext.js:80:13)
    at async LongStandingScope._race (C:\Users\monit\AppData\Local\Temp\playwright-java-9442443197794239977\package\lib\utils\isomorphic\manualPromise.js:94:14)
    at async evaluateExpression (C:\Users\monit\AppData\Local\Temp\playwright-java-9442443197794239977\package\lib\server\javascript.js:217:12)
    at async C:\Users\monit\AppData\Local\Temp\playwright-java-9442443197794239977\package\lib\server\frames.js:911:22
    at async Frame.retryWithProgressAndTimeouts (C:\Users\monit\AppData\Local\Temp\playwright-java-9442443197794239977\package\lib\server\frames.js:881:24)
    at async Frame.fill (C:\Users\monit\AppData\Local\Temp\playwright-java-9442443197794239977\package\lib\server\frames.js:987:27)
    at async FrameDispatcher.fill (C:\Users\monit\AppData\Local\Temp\playwright-java-9442443197794239977\package\lib\server\dispatchers\frameDispatcher.js:129:12)
    at async ProgressController.run (C:\Users\monit\AppData\Local\Temp\playwright-java-9442443197794239977\package\lib\server\progress.js:78:22)
    at async FrameDispatcher._runCommand (C:\Users\monit\AppData\Local\Temp\playwright-java-9442443197794239977\package\lib\server\dispatchers\dispatcher.js:95:14)
    at async DispatcherConnection.dispatch (C:\Users\monit\AppData\Local\Temp\playwright-java-9442443197794239977\package\lib\server\dispatchers\dispatcher.js:329:22)
}
Call log:
-   - waiting for getByPlaceholder("Email Address")

at com.microsoft.playwright.impl.WaitableResult.get(WaitableResult.java:56)
at com.microsoft.playwright.impl.ChannelOwner.runUntil(ChannelOwner.java:138)
at com.microsoft.playwright.impl.Connection.sendMessage(Connection.java:131)
at com.microsoft.playwright.impl.ChannelOwner.sendMessage(ChannelOwner.java:124)
at com.microsoft.playwright.impl.FrameImpl.fill(FrameImpl.java:300)
at com.microsoft.playwright.impl.LocatorImpl.fill(LocatorImpl.java:244)
at com.microsoft.playwright.Locator.fill(Locator.java:3105)
at Pages.loginPage.login(loginPage.java:28)
at TestCases.loginTest.loginTest1(loginTest.java:26)
at java.base/jdk.internal.reflect.DirectMethodHandleAccessor.invoke(DirectMethodHandleAccessor.java:103)
at java.base/java.lang.reflect.Method.invoke(Method.java:580)
at org.testng.internal.invokers.MethodInvocationHelper.invokeMethod(MethodInvocationHelper.java:141)
at org.testng.internal.invokers.TestInvoker.invokeMethod(TestInvoker.java:687)
at org.testng.internal.invokers.TestInvoker.invokeTestMethod(TestInvoker.java:230)
at org.testng.internal.invokers.MethodRunner.runInSequence(MethodRunner.java:63)
at org.testng.internal.invokers.TestInvoker$MethodInvocationAgent.invoke(TestInvoker.java:995)
at org.testng.internal.invokers.TestInvoker.invokeTestMethods(TestInvoker.java:203)
at org.testng.internal.invokers.TestMethodWorker.invokeTestMethods(TestMethodWorker.java:154)
at org.testng.internal.invokers.TestMethodWorker.run(TestMethodWorker.java:134)
at java.base/java.util.ArrayList.forEach(ArrayList.java:1596)
at org.testng.TestRunner.privateRun(TestRunner.java:741)
at org.testng.TestRunner.run(TestRunner.java:616)
at org.testng.SuiteRunner.runTest(SuiteRunner.java:421)
at org.testng.SuiteRunner.runSequentially(SuiteRunner.java:413)
at org.testng.SuiteRunner.privateRun(SuiteRunner.java:373)
at org.testng.SuiteRunner.run(SuiteRunner.java:312)
at org.testng.SuiteRunnerWorker.runSuite(SuiteRunnerWorker.java:52)
at org.testng.SuiteRunnerWorker.run(SuiteRunnerWorker.java:95)
at org.testng.TestNG.runSuitesSequentially(TestNG.java:1274)
at org.testng.TestNG.runSuitesLocally(TestNG.java:1208)
at org.testng.TestNG.runSuites(TestNG.java:1112)
at org.testng.TestNG.run(TestNG.java:1079)
at org.testng.remote.AbstractRemoteTestNG.run(AbstractRemoteTestNG.java:115)
at org.testng.remote.RemoteTestNG.initAndRun(RemoteTestNG.java:293)
at org.testng.remote.RemoteTestNG.main(RemoteTestNG.java:91)
Caused by: com.microsoft.playwright.impl.DriverException: Error {
  message='Error: strict mode violation: getByPlaceholder("Email Address") resolved to 3 elements:
    1) <input value="" required="" type="email" name="email" data-qa="login-email" placeholder="Email Address"/> aka locator("form").filter(new Locator.FilterOptions().setHasText("Login")).getByPlaceholder("Email Address")
    2) <input value="" required="" type="email" name="email" data-qa="signup-email" placeholder="Email Address"/> aka locator("form").filter(new Locator.FilterOptions().setHasText("Signup")).getByPlaceholder("Email Address")
    3) <input required="" type="email" id="susbscribe_email" placeholder="Your email address"/> aka getByRole(AriaRole.TEXTBOX, new Page.GetByRoleOptions().setName("Your email address"))

  name='Error
  stack='Error: Error: strict mode violation: getByPlaceholder("Email Address") resolved to 3 elements:
    1) <input value="" required="" type="email" name="email" data-qa="login-email" placeholder="Email Address"/> aka locator("form").filter(new Locator.FilterOptions().setHasText("Login")).getByPlaceholder("Email Address")
    2) <input value="" required="" type="email" name="email" data-qa="signup-email" placeholder="Email Address"/> aka locator("form").filter(new Locator.FilterOptions().setHasText("Signup")).getByPlaceholder("Email Address")
    3) <input required="" type="email" id="susbscribe_email" placeholder="Your email address"/> aka getByRole(AriaRole.TEXTBOX, new Page.GetByRoleOptions().setName("Your email address"))

    at CRExecutionContext.evaluateWithArguments (C:\Users\monit\AppData\Local\Temp\playwright-java-9442443197794239977\package\lib\server\chromium\crExecutionContext.js:80:13)
    at async LongStandingScope._race (C:\Users\monit\AppData\Local\Temp\playwright-java-9442443197794239977\package\lib\utils\isomorphic\manualPromise.js:94:14)
    at async evaluateExpression (C:\Users\monit\AppData\Local\Temp\playwright-java-9442443197794239977\package\lib\server\javascript.js:217:12)
    at async C:\Users\monit\AppData\Local\Temp\playwright-java-9442443197794239977\package\lib\server\frames.js:911:22
    at async Frame.retryWithProgressAndTimeouts (C:\Users\monit\AppData\Local\Temp\playwright-java-9442443197794239977\package\lib\server\frames.js:881:24)
    at async Frame.fill (C:\Users\monit\AppData\Local\Temp\playwright-java-9442443197794239977\package\lib\server\frames.js:987:27)
    at async FrameDispatcher.fill (C:\Users\monit\AppData\Local\Temp\playwright-java-9442443197794239977\package\lib\server\dispatchers\frameDispatcher.js:129:12)
    at async ProgressController.run (C:\Users\monit\AppData\Local\Temp\playwright-java-9442443197794239977\package\lib\server\progress.js:78:22)
    at async FrameDispatcher._runCommand (C:\Users\monit\AppData\Local\Temp\playwright-java-9442443197794239977\package\lib\server\dispatchers\dispatcher.js:95:14)
    at async DispatcherConnection.dispatch (C:\Users\monit\AppData\Local\Temp\playwright-java-9442443197794239977\package\lib\server\dispatchers\dispatcher.js:329:22)
}
Call log:
-   - waiting for getByPlaceholder("Email Address")

at com.microsoft.playwright.impl.Connection.dispatch(Connection.java:262)
at com.microsoft.playwright.impl.Connection.processOneMessage(Connection.java:214)
at com.microsoft.playwright.impl.ChannelOwner.runUntil(ChannelOwner.java:136)
... 33 more
]]>
            </full-stacktrace>
          </exception> <!-- com.microsoft.playwright.PlaywrightException -->
          <reporter-output>
          </reporter-output>
        </test-method> <!-- loginTest1 -->
        <test-method is-config="true" signature="testTeardown(org.testng.ITestResult)[pri:0, instance:TestCases.loginTest@2e66bc32]" started-at="2026-07-13T00:37:12 IST" name="testTeardown" finished-at="2026-07-13T00:37:12 IST" duration-ms="75" status="PASS">
          <params>
            <param index="0">
              <value>
                <![CDATA[[TestResult name=loginTest1 status=FAILURE method=loginTest.loginTest1()[pri:0, instance:TestCases.loginTest@2e66bc32] output={null}]]]>
              </value>
            </param>
          </params>
          <reporter-output>
          </reporter-output>
        </test-method> <!-- testTeardown -->
        <test-method is-config="true" signature="globalTeardown()[pri:0, instance:TestCases.loginTest@2e66bc32]" started-at="2026-07-13T00:37:13 IST" name="globalTeardown" finished-at="2026-07-13T00:37:43 IST" duration-ms="30469" status="FAIL">
          <exception class="com.microsoft.playwright.PlaywrightException">
            <message>
              <![CDATA[Playwright connection closed]]>
            </message>
            <full-stacktrace>
              <![CDATA[com.microsoft.playwright.PlaywrightException: Playwright connection closed
at com.microsoft.playwright.impl.PipeTransport.send(PipeTransport.java:50)
at com.microsoft.playwright.impl.Connection.internalSendMessage(Connection.java:171)
at com.microsoft.playwright.impl.Connection.sendMessageAsync(Connection.java:135)
at com.microsoft.playwright.impl.Connection.sendMessage(Connection.java:131)
at com.microsoft.playwright.impl.ChannelOwner.sendMessage(ChannelOwner.java:124)
at com.microsoft.playwright.impl.ChannelOwner.sendMessage(ChannelOwner.java:114)
at com.microsoft.playwright.impl.BrowserImpl.close(BrowserImpl.java:82)
at com.microsoft.playwright.Browser.close(Browser.java:1284)
at Base.BaseTest.globalTeardown(BaseTest.java:60)
at java.base/jdk.internal.reflect.DirectMethodHandleAccessor.invoke(DirectMethodHandleAccessor.java:103)
at java.base/java.lang.reflect.Method.invoke(Method.java:580)
at org.testng.internal.invokers.MethodInvocationHelper.invokeMethod(MethodInvocationHelper.java:141)
at org.testng.internal.invokers.MethodInvocationHelper.invokeMethodConsideringTimeout(MethodInvocationHelper.java:71)
at org.testng.internal.invokers.ConfigInvoker.invokeConfigurationMethod(ConfigInvoker.java:400)
at org.testng.internal.invokers.ConfigInvoker.invokeConfigurations(ConfigInvoker.java:333)
at org.testng.SuiteRunner.privateRun(SuiteRunner.java:386)
at org.testng.SuiteRunner.run(SuiteRunner.java:312)
at org.testng.SuiteRunnerWorker.runSuite(SuiteRunnerWorker.java:52)
at org.testng.SuiteRunnerWorker.run(SuiteRunnerWorker.java:95)
at org.testng.TestNG.runSuitesSequentially(TestNG.java:1274)
at org.testng.TestNG.runSuitesLocally(TestNG.java:1208)
at org.testng.TestNG.runSuites(TestNG.java:1112)
at org.testng.TestNG.run(TestNG.java:1079)
at org.testng.remote.AbstractRemoteTestNG.run(AbstractRemoteTestNG.java:115)
at org.testng.remote.RemoteTestNG.initAndRun(RemoteTestNG.java:293)
at org.testng.remote.RemoteTestNG.main(RemoteTestNG.java:91)
]]>
            </full-stacktrace>
          </exception> <!-- com.microsoft.playwright.PlaywrightException -->
          <reporter-output>
          </reporter-output>
        </test-method> <!-- globalTeardown -->
      </class> <!-- TestCases.loginTest -->
    </test> <!-- Default test -->
  </suite> <!-- Default suite -->
</testng-results>
