<?xml version="1.0" encoding="UTF-8"?>
<testng-results ignored="0" total="1" passed="1" failed="0" skipped="0">
  <reporter-output>
  </reporter-output>
  <suite started-at="2026-08-15T21:52:44 IST" name="Default suite" finished-at="2026-08-15T21:52:58 IST" duration-ms="14481">
    <groups>
    </groups>
    <test started-at="2026-08-15T21:52:44 IST" name="Default test" finished-at="2026-08-15T21:52:58 IST" duration-ms="14481">
      <class name="TestCases.loginTest">
        <test-method is-config="true" signature="globalSetup()[pri:0, instance:TestCases.loginTest@c3edf4c]" started-at="2026-08-15T21:52:40 IST" name="globalSetup" finished-at="2026-08-15T21:52:44 IST" duration-ms="4179" status="PASS">
          <reporter-output>
          </reporter-output>
        </test-method> <!-- globalSetup -->
        <test-method is-config="true" signature="testSetup(java.lang.reflect.Method)[pri:0, instance:TestCases.loginTest@c3edf4c]" started-at="2026-08-15T21:52:44 IST" name="testSetup" finished-at="2026-08-15T21:52:46 IST" duration-ms="2127" status="PASS">
          <params>
            <param index="0">
              <value>
                <![CDATA[public void TestCases.loginTest.loginTest1() throws java.io.IOException,java.lang.InterruptedException]]>
              </value>
            </param>
          </params>
          <reporter-output>
          </reporter-output>
        </test-method> <!-- testSetup -->
        <test-method signature="loginTest1()[pri:0, instance:TestCases.loginTest@c3edf4c]" started-at="2026-08-15T21:52:47 IST" name="loginTest1" finished-at="2026-08-15T21:52:58 IST" duration-ms="11766" status="PASS">
          <reporter-output>
          </reporter-output>
        </test-method> <!-- loginTest1 -->
        <test-method is-config="true" signature="testTeardown(org.testng.ITestResult)[pri:0, instance:TestCases.loginTest@c3edf4c]" started-at="2026-08-15T21:52:58 IST" name="testTeardown" finished-at="2026-08-15T21:52:58 IST" duration-ms="101" status="PASS">
          <params>
            <param index="0">
              <value>
                <![CDATA[[TestResult name=loginTest1 status=SUCCESS method=loginTest.loginTest1()[pri:0, instance:TestCases.loginTest@c3edf4c] output={null}]]]>
              </value>
            </param>
          </params>
          <reporter-output>
          </reporter-output>
        </test-method> <!-- testTeardown -->
        <test-method is-config="true" signature="globalTeardown()[pri:0, instance:TestCases.loginTest@c3edf4c]" started-at="2026-08-15T21:52:58 IST" name="globalTeardown" finished-at="2026-08-15T21:52:59 IST" duration-ms="730" status="FAIL">
          <exception class="com.microsoft.playwright.PlaywrightException">
            <message>
              <![CDATA[Playwright connection closed]]>
            </message>
            <full-stacktrace>
              <![CDATA[com.microsoft.playwright.PlaywrightException: Playwright connection closed
at com.microsoft.playwright.impl.PipeTransport.send(PipeTransport.java:50)
at com.microsoft.playwright.impl.Connection.internalSendMessage(Connection.java:171)
at com.microsoft.playwright.impl.Connection.sendMessageAsync(Connection.java:135)
at com.microsoft.playwright.impl.Connection.sendMessage(Connection.java:131)
at com.microsoft.playwright.impl.ChannelOwner.sendMessage(ChannelOwner.java:124)
at com.microsoft.playwright.impl.ChannelOwner.sendMessage(ChannelOwner.java:114)
at com.microsoft.playwright.impl.BrowserImpl.close(BrowserImpl.java:82)
at com.microsoft.playwright.Browser.close(Browser.java:1284)
at Base.BaseTest.globalTeardown(BaseTest.java:60)
at java.base/jdk.internal.reflect.DirectMethodHandleAccessor.invoke(DirectMethodHandleAccessor.java:103)
at java.base/java.lang.reflect.Method.invoke(Method.java:580)
at org.testng.internal.invokers.MethodInvocationHelper.invokeMethod(MethodInvocationHelper.java:141)
at org.testng.internal.invokers.MethodInvocationHelper.invokeMethodConsideringTimeout(MethodInvocationHelper.java:71)
at org.testng.internal.invokers.ConfigInvoker.invokeConfigurationMethod(ConfigInvoker.java:400)
at org.testng.internal.invokers.ConfigInvoker.invokeConfigurations(ConfigInvoker.java:333)
at org.testng.SuiteRunner.privateRun(SuiteRunner.java:386)
at org.testng.SuiteRunner.run(SuiteRunner.java:312)
at org.testng.SuiteRunnerWorker.runSuite(SuiteRunnerWorker.java:52)
at org.testng.SuiteRunnerWorker.run(SuiteRunnerWorker.java:95)
at org.testng.TestNG.runSuitesSequentially(TestNG.java:1274)
at org.testng.TestNG.runSuitesLocally(TestNG.java:1208)
at org.testng.TestNG.runSuites(TestNG.java:1112)
at org.testng.TestNG.run(TestNG.java:1079)
at org.testng.remote.AbstractRemoteTestNG.run(AbstractRemoteTestNG.java:115)
at org.testng.remote.RemoteTestNG.initAndRun(RemoteTestNG.java:293)
at org.testng.remote.RemoteTestNG.main(RemoteTestNG.java:91)
]]>
            </full-stacktrace>
          </exception> <!-- com.microsoft.playwright.PlaywrightException -->
          <reporter-output>
          </reporter-output>
        </test-method> <!-- globalTeardown -->
      </class> <!-- TestCases.loginTest -->
    </test> <!-- Default test -->
  </suite> <!-- Default suite -->
</testng-results>
