<?xml version="1.0" encoding="UTF-8"?>
<testng-results ignored="0" total="1" passed="1" failed="0" skipped="0">
  <reporter-output>
  </reporter-output>
  <suite started-at="2026-08-23T14:19:07 IST" name="Default suite" finished-at="2026-08-23T14:19:27 IST" duration-ms="20478">
    <groups>
      <group name="Smoke">
        <method signature="loginTest.loginTest1()[pri:0, instance:TestCases.loginTest@467b684d]" name="loginTest1" class="TestCases.loginTest"/>
      </group> <!-- Smoke -->
    </groups>
    <test started-at="2026-08-23T14:19:07 IST" name="Default test" finished-at="2026-08-23T14:19:27 IST" duration-ms="20478">
      <class name="TestCases.loginTest">
        <test-method is-config="true" signature="globalSetup()[pri:0, instance:TestCases.loginTest@467b684d]" started-at="2026-08-23T14:19:02 IST" name="globalSetup" finished-at="2026-08-23T14:19:07 IST" duration-ms="4812" status="PASS">
          <reporter-output>
          </reporter-output>
        </test-method> <!-- globalSetup -->
        <test-method is-config="true" signature="testSetup(java.lang.reflect.Method)[pri:0, instance:TestCases.loginTest@467b684d]" started-at="2026-08-23T14:19:07 IST" name="testSetup" finished-at="2026-08-23T14:19:09 IST" duration-ms="2636" status="PASS">
          <params>
            <param index="0">
              <value>
                <![CDATA[public void TestCases.loginTest.loginTest1() throws java.io.IOException,java.lang.InterruptedException]]>
              </value>
            </param>
          </params>
          <reporter-output>
          </reporter-output>
        </test-method> <!-- testSetup -->
        <test-method signature="loginTest1()[pri:0, instance:TestCases.loginTest@467b684d]" started-at="2026-08-23T14:19:10 IST" name="loginTest1" finished-at="2026-08-23T14:19:17 IST" duration-ms="6917" status="PASS">
          <reporter-output>
          </reporter-output>
        </test-method> <!-- loginTest1 -->
        <test-method is-config="true" signature="testTeardown(org.testng.ITestResult)[pri:0, instance:TestCases.loginTest@467b684d]" started-at="2026-08-23T14:19:17 IST" name="testTeardown" finished-at="2026-08-23T14:19:27 IST" duration-ms="10327" status="PASS">
          <params>
            <param index="0">
              <value>
                <![CDATA[[TestResult name=loginTest1 status=SUCCESS method=loginTest.loginTest1()[pri:0, instance:TestCases.loginTest@467b684d] output={null}]]]>
              </value>
            </param>
          </params>
          <reporter-output>
          </reporter-output>
        </test-method> <!-- testTeardown -->
        <test-method is-config="true" signature="globalTeardown()[pri:0, instance:TestCases.loginTest@467b684d]" started-at="2026-08-23T14:19:27 IST" name="globalTeardown" finished-at="2026-08-23T14:19:30 IST" duration-ms="2477" status="PASS">
          <reporter-output>
          </reporter-output>
        </test-method> <!-- globalTeardown -->
      </class> <!-- TestCases.loginTest -->
    </test> <!-- Default test -->
  </suite> <!-- Default suite -->
</testng-results>
