<?xml version="1.0" encoding="UTF-8"?>
<!-- Generated by org.testng.reporters.JUnitXMLReporter -->
<testsuite ignored="0" hostname="Monit" failures="1" tests="1" name="Default test" time="7.356" errors="0" timestamp="2026-07-13T00:37:13 IST">
  <testcase classname="TestCases.loginTest" name="loginTest1" time="4.602">
    <failure type="com.microsoft.playwright.PlaywrightException" message="Error {
  message=&amp;apos;Error: strict mode violation: getByPlaceholder(&amp;quot;Email Address&amp;quot;) resolved to 3 elements:
    1) &amp;lt;input value=&amp;quot;&amp;quot; required=&amp;quot;&amp;quot; type=&amp;quot;email&amp;quot; name=&amp;quot;email&amp;quot; data-qa=&amp;quot;login-email&amp;quot; placeholder=&amp;quot;Email Address&amp;quot;/&amp;gt; aka locator(&amp;quot;form&amp;quot;).filter(new Locator.FilterOptions().setHasText(&amp;quot;Login&amp;quot;)).getByPlaceholder(&amp;quot;Email Address&amp;quot;)
    2) &amp;lt;input value=&amp;quot;&amp;quot; required=&amp;quot;&amp;quot; type=&amp;quot;email&amp;quot; name=&amp;quot;email&amp;quot; data-qa=&amp;quot;signup-email&amp;quot; placeholder=&amp;quot;Email Address&amp;quot;/&amp;gt; aka locator(&amp;quot;form&amp;quot;).filter(new Locator.FilterOptions().setHasText(&amp;quot;Signup&amp;quot;)).getByPlaceholder(&amp;quot;Email Address&amp;quot;)
    3) &amp;lt;input required=&amp;quot;&amp;quot; type=&amp;quot;email&amp;quot; id=&amp;quot;susbscribe_email&amp;quot; placeholder=&amp;quot;Your email address&amp;quot;/&amp;gt; aka getByRole(AriaRole.TEXTBOX, new Page.GetByRoleOptions().setName(&amp;quot;Your email address&amp;quot;))

  name=&amp;apos;Error
  stack=&amp;apos;Error: Error: strict mode violation: getByPlaceholder(&amp;quot;Email Address&amp;quot;) resolved to 3 elements:
    1) &amp;lt;input value=&amp;quot;&amp;quot; required=&amp;quot;&amp;quot; type=&amp;quot;email&amp;quot; name=&amp;quot;email&amp;quot; data-qa=&amp;quot;login-email&amp;quot; placeholder=&amp;quot;Email Address&amp;quot;/&amp;gt; aka locator(&amp;quot;form&amp;quot;).filter(new Locator.FilterOptions().setHasText(&amp;quot;Login&amp;quot;)).getByPlaceholder(&amp;quot;Email Address&amp;quot;)
    2) &amp;lt;input value=&amp;quot;&amp;quot; required=&amp;quot;&amp;quot; type=&amp;quot;email&amp;quot; name=&amp;quot;email&amp;quot; data-qa=&amp;quot;signup-email&amp;quot; placeholder=&amp;quot;Email Address&amp;quot;/&amp;gt; aka locator(&amp;quot;form&amp;quot;).filter(new Locator.FilterOptions().setHasText(&amp;quot;Signup&amp;quot;)).getByPlaceholder(&amp;quot;Email Address&amp;quot;)
    3) &amp;lt;input required=&amp;quot;&amp;quot; type=&amp;quot;email&amp;quot; id=&amp;quot;susbscribe_email&amp;quot; placeholder=&amp;quot;Your email address&amp;quot;/&amp;gt; aka getByRole(AriaRole.TEXTBOX, new Page.GetByRoleOptions().setName(&amp;quot;Your email address&amp;quot;))

    at CRExecutionContext.evaluateWithArguments (C:\Users\monit\AppData\Local\Temp\playwright-java-9442443197794239977\package\lib\server\chromium\crExecutionContext.js:80:13)
    at async LongStandingScope._race (C:\Users\monit\AppData\Local\Temp\playwright-java-9442443197794239977\package\lib\utils\isomorphic\manualPromise.js:94:14)
    at async evaluateExpression (C:\Users\monit\AppData\Local\Temp\playwright-java-9442443197794239977\package\lib\server\javascript.js:217:12)
    at async C:\Users\monit\AppData\Local\Temp\playwright-java-9442443197794239977\package\lib\server\frames.js:911:22
    at async Frame.retryWithProgressAndTimeouts (C:\Users\monit\AppData\Local\Temp\playwright-java-9442443197794239977\package\lib\server\frames.js:881:24)
    at async Frame.fill (C:\Users\monit\AppData\Local\Temp\playwright-java-9442443197794239977\package\lib\server\frames.js:987:27)
    at async FrameDispatcher.fill (C:\Users\monit\AppData\Local\Temp\playwright-java-9442443197794239977\package\lib\server\dispatchers\frameDispatcher.js:129:12)
    at async ProgressController.run (C:\Users\monit\AppData\Local\Temp\playwright-java-9442443197794239977\package\lib\server\progress.js:78:22)
    at async FrameDispatcher._runCommand (C:\Users\monit\AppData\Local\Temp\playwright-java-9442443197794239977\package\lib\server\dispatchers\dispatcher.js:95:14)
    at async DispatcherConnection.dispatch (C:\Users\monit\AppData\Local\Temp\playwright-java-9442443197794239977\package\lib\server\dispatchers\dispatcher.js:329:22)
}
Call log:
-   - waiting for getByPlaceholder(&amp;quot;Email Address&amp;quot;)
">
      <![CDATA[com.microsoft.playwright.PlaywrightException: Error {
  message='Error: strict mode violation: getByPlaceholder("Email Address") resolved to 3 elements:
    1) <input value="" required="" type="email" name="email" data-qa="login-email" placeholder="Email Address"/> aka locator("form").filter(new Locator.FilterOptions().setHasText("Login")).getByPlaceholder("Email Address")
    2) <input value="" required="" type="email" name="email" data-qa="signup-email" placeholder="Email Address"/> aka locator("form").filter(new Locator.FilterOptions().setHasText("Signup")).getByPlaceholder("Email Address")
    3) <input required="" type="email" id="susbscribe_email" placeholder="Your email address"/> aka getByRole(AriaRole.TEXTBOX, new Page.GetByRoleOptions().setName("Your email address"))

  name='Error
  stack='Error: Error: strict mode violation: getByPlaceholder("Email Address") resolved to 3 elements:
    1) <input value="" required="" type="email" name="email" data-qa="login-email" placeholder="Email Address"/> aka locator("form").filter(new Locator.FilterOptions().setHasText("Login")).getByPlaceholder("Email Address")
    2) <input value="" required="" type="email" name="email" data-qa="signup-email" placeholder="Email Address"/> aka locator("form").filter(new Locator.FilterOptions().setHasText("Signup")).getByPlaceholder("Email Address")
    3) <input required="" type="email" id="susbscribe_email" placeholder="Your email address"/> aka getByRole(AriaRole.TEXTBOX, new Page.GetByRoleOptions().setName("Your email address"))

    at CRExecutionContext.evaluateWithArguments (C:\Users\monit\AppData\Local\Temp\playwright-java-9442443197794239977\package\lib\server\chromium\crExecutionContext.js:80:13)
    at async LongStandingScope._race (C:\Users\monit\AppData\Local\Temp\playwright-java-9442443197794239977\package\lib\utils\isomorphic\manualPromise.js:94:14)
    at async evaluateExpression (C:\Users\monit\AppData\Local\Temp\playwright-java-9442443197794239977\package\lib\server\javascript.js:217:12)
    at async C:\Users\monit\AppData\Local\Temp\playwright-java-9442443197794239977\package\lib\server\frames.js:911:22
    at async Frame.retryWithProgressAndTimeouts (C:\Users\monit\AppData\Local\Temp\playwright-java-9442443197794239977\package\lib\server\frames.js:881:24)
    at async Frame.fill (C:\Users\monit\AppData\Local\Temp\playwright-java-9442443197794239977\package\lib\server\frames.js:987:27)
    at async FrameDispatcher.fill (C:\Users\monit\AppData\Local\Temp\playwright-java-9442443197794239977\package\lib\server\dispatchers\frameDispatcher.js:129:12)
    at async ProgressController.run (C:\Users\monit\AppData\Local\Temp\playwright-java-9442443197794239977\package\lib\server\progress.js:78:22)
    at async FrameDispatcher._runCommand (C:\Users\monit\AppData\Local\Temp\playwright-java-9442443197794239977\package\lib\server\dispatchers\dispatcher.js:95:14)
    at async DispatcherConnection.dispatch (C:\Users\monit\AppData\Local\Temp\playwright-java-9442443197794239977\package\lib\server\dispatchers\dispatcher.js:329:22)
}
Call log:
-   - waiting for getByPlaceholder("Email Address")

at com.microsoft.playwright.impl.WaitableResult.get(WaitableResult.java:56)
at com.microsoft.playwright.impl.ChannelOwner.runUntil(ChannelOwner.java:138)
at com.microsoft.playwright.impl.Connection.sendMessage(Connection.java:131)
at com.microsoft.playwright.impl.ChannelOwner.sendMessage(ChannelOwner.java:124)
at com.microsoft.playwright.impl.FrameImpl.fill(FrameImpl.java:300)
at com.microsoft.playwright.impl.LocatorImpl.fill(LocatorImpl.java:244)
at com.microsoft.playwright.Locator.fill(Locator.java:3105)
at Pages.loginPage.login(loginPage.java:28)
at TestCases.loginTest.loginTest1(loginTest.java:26)
at java.base/jdk.internal.reflect.DirectMethodHandleAccessor.invoke(DirectMethodHandleAccessor.java:103)
at java.base/java.lang.reflect.Method.invoke(Method.java:580)
at org.testng.internal.invokers.MethodInvocationHelper.invokeMethod(MethodInvocationHelper.java:141)
at org.testng.internal.invokers.TestInvoker.invokeMethod(TestInvoker.java:687)
at org.testng.internal.invokers.TestInvoker.invokeTestMethod(TestInvoker.java:230)
at org.testng.internal.invokers.MethodRunner.runInSequence(MethodRunner.java:63)
at org.testng.internal.invokers.TestInvoker$MethodInvocationAgent.invoke(TestInvoker.java:995)
at org.testng.internal.invokers.TestInvoker.invokeTestMethods(TestInvoker.java:203)
at org.testng.internal.invokers.TestMethodWorker.invokeTestMethods(TestMethodWorker.java:154)
at org.testng.internal.invokers.TestMethodWorker.run(TestMethodWorker.java:134)
at java.base/java.util.ArrayList.forEach(ArrayList.java:1596)
at org.testng.TestRunner.privateRun(TestRunner.java:741)
at org.testng.TestRunner.run(TestRunner.java:616)
at org.testng.SuiteRunner.runTest(SuiteRunner.java:421)
at org.testng.SuiteRunner.runSequentially(SuiteRunner.java:413)
at org.testng.SuiteRunner.privateRun(SuiteRunner.java:373)
at org.testng.SuiteRunner.run(SuiteRunner.java:312)
at org.testng.SuiteRunnerWorker.runSuite(SuiteRunnerWorker.java:52)
at org.testng.SuiteRunnerWorker.run(SuiteRunnerWorker.java:95)
at org.testng.TestNG.runSuitesSequentially(TestNG.java:1274)
at org.testng.TestNG.runSuitesLocally(TestNG.java:1208)
at org.testng.TestNG.runSuites(TestNG.java:1112)
at org.testng.TestNG.run(TestNG.java:1079)
at org.testng.remote.AbstractRemoteTestNG.run(AbstractRemoteTestNG.java:115)
at org.testng.remote.RemoteTestNG.initAndRun(RemoteTestNG.java:293)
at org.testng.remote.RemoteTestNG.main(RemoteTestNG.java:91)
Caused by: com.microsoft.playwright.impl.DriverException: Error {
  message='Error: strict mode violation: getByPlaceholder("Email Address") resolved to 3 elements:
    1) <input value="" required="" type="email" name="email" data-qa="login-email" placeholder="Email Address"/> aka locator("form").filter(new Locator.FilterOptions().setHasText("Login")).getByPlaceholder("Email Address")
    2) <input value="" required="" type="email" name="email" data-qa="signup-email" placeholder="Email Address"/> aka locator("form").filter(new Locator.FilterOptions().setHasText("Signup")).getByPlaceholder("Email Address")
    3) <input required="" type="email" id="susbscribe_email" placeholder="Your email address"/> aka getByRole(AriaRole.TEXTBOX, new Page.GetByRoleOptions().setName("Your email address"))

  name='Error
  stack='Error: Error: strict mode violation: getByPlaceholder("Email Address") resolved to 3 elements:
    1) <input value="" required="" type="email" name="email" data-qa="login-email" placeholder="Email Address"/> aka locator("form").filter(new Locator.FilterOptions().setHasText("Login")).getByPlaceholder("Email Address")
    2) <input value="" required="" type="email" name="email" data-qa="signup-email" placeholder="Email Address"/> aka locator("form").filter(new Locator.FilterOptions().setHasText("Signup")).getByPlaceholder("Email Address")
    3) <input required="" type="email" id="susbscribe_email" placeholder="Your email address"/> aka getByRole(AriaRole.TEXTBOX, new Page.GetByRoleOptions().setName("Your email address"))

    at CRExecutionContext.evaluateWithArguments (C:\Users\monit\AppData\Local\Temp\playwright-java-9442443197794239977\package\lib\server\chromium\crExecutionContext.js:80:13)
    at async LongStandingScope._race (C:\Users\monit\AppData\Local\Temp\playwright-java-9442443197794239977\package\lib\utils\isomorphic\manualPromise.js:94:14)
    at async evaluateExpression (C:\Users\monit\AppData\Local\Temp\playwright-java-9442443197794239977\package\lib\server\javascript.js:217:12)
    at async C:\Users\monit\AppData\Local\Temp\playwright-java-9442443197794239977\package\lib\server\frames.js:911:22
    at async Frame.retryWithProgressAndTimeouts (C:\Users\monit\AppData\Local\Temp\playwright-java-9442443197794239977\package\lib\server\frames.js:881:24)
    at async Frame.fill (C:\Users\monit\AppData\Local\Temp\playwright-java-9442443197794239977\package\lib\server\frames.js:987:27)
    at async FrameDispatcher.fill (C:\Users\monit\AppData\Local\Temp\playwright-java-9442443197794239977\package\lib\server\dispatchers\frameDispatcher.js:129:12)
    at async ProgressController.run (C:\Users\monit\AppData\Local\Temp\playwright-java-9442443197794239977\package\lib\server\progress.js:78:22)
    at async FrameDispatcher._runCommand (C:\Users\monit\AppData\Local\Temp\playwright-java-9442443197794239977\package\lib\server\dispatchers\dispatcher.js:95:14)
    at async DispatcherConnection.dispatch (C:\Users\monit\AppData\Local\Temp\playwright-java-9442443197794239977\package\lib\server\dispatchers\dispatcher.js:329:22)
}
Call log:
-   - waiting for getByPlaceholder("Email Address")

at com.microsoft.playwright.impl.Connection.dispatch(Connection.java:262)
at com.microsoft.playwright.impl.Connection.processOneMessage(Connection.java:214)
at com.microsoft.playwright.impl.ChannelOwner.runUntil(ChannelOwner.java:136)
... 33 more
]]>
    </failure>
  </testcase> <!-- loginTest1 -->
</testsuite> <!-- Default test -->
