<?xml version="1.0" encoding="UTF-8"?>
<!-- Generated by org.testng.reporters.JUnitXMLReporter -->
<testsuite ignored="0" hostname="Monit" failures="1" tests="1" name="Default test" time="6.244" errors="0" timestamp="2026-08-15T23:51:48 IST">
  <testcase classname="TestCases.RegisterUser" name="registerUser" time="3.412">
    <failure type="com.microsoft.playwright.impl.TargetClosedError" message="Error {
  message=&amp;apos;Target page, context or browser has been closed
  name=&amp;apos;TargetClosedError
  stack=&amp;apos;TargetClosedError:Target page, context or browser has been closed
Error
    at captureRawStack (C:\Users\monit\AppData\Local\Temp\playwright-java-8829754345925081838\package\lib\utils\isomorphic\stackTrace.js:32:17)
    at LongStandingScope._race (C:\Users\monit\AppData\Local\Temp\playwright-java-8829754345925081838\package\lib\utils\isomorphic\manualPromise.js:87:58)
    at LongStandingScope.race (C:\Users\monit\AppData\Local\Temp\playwright-java-8829754345925081838\package\lib\utils\isomorphic\manualPromise.js:80:17)
    at C:\Users\monit\AppData\Local\Temp\playwright-java-8829754345925081838\package\lib\utils\isomorphic\manualPromise.js:77:45
    at Array.map (&amp;lt;anonymous&amp;gt;)
    at LongStandingScope.raceMultiple (C:\Users\monit\AppData\Local\Temp\playwright-java-8829754345925081838\package\lib\utils\isomorphic\manualPromise.js:77:32)
    at Frame.raceNavigationAction (C:\Users\monit\AppData\Local\Temp\playwright-java-8829754345925081838\package\lib\server\frames.js:475:43)
    at Frame.goto (C:\Users\monit\AppData\Local\Temp\playwright-java-8829754345925081838\package\lib\server\frames.js:500:17)
    at FrameDispatcher.goto (C:\Users\monit\AppData\Local\Temp\playwright-java-8829754345925081838\package\lib\server\dispatchers\frameDispatcher.js:70:132)
    at C:\Users\monit\AppData\Local\Temp\playwright-java-8829754345925081838\package\lib\server\dispatchers\dispatcher.js:95:61
    at ProgressController.run (C:\Users\monit\AppData\Local\Temp\playwright-java-8829754345925081838\package\lib\server\progress.js:78:28)
    at FrameDispatcher._runCommand (C:\Users\monit\AppData\Local\Temp\playwright-java-8829754345925081838\package\lib\server\dispatchers\dispatcher.js:95:31)
    at DispatcherConnection.dispatch (C:\Users\monit\AppData\Local\Temp\playwright-java-8829754345925081838\package\lib\server\dispatchers\dispatcher.js:329:39)
}
Call log:
-   - navigating to &amp;quot;https://automationexercise.com/&amp;quot;, waiting until &amp;quot;load&amp;quot;
">
      <![CDATA[com.microsoft.playwright.impl.TargetClosedError: Error {
  message='Target page, context or browser has been closed
  name='TargetClosedError
  stack='TargetClosedError:Target page, context or browser has been closed
Error
    at captureRawStack (C:\Users\monit\AppData\Local\Temp\playwright-java-8829754345925081838\package\lib\utils\isomorphic\stackTrace.js:32:17)
    at LongStandingScope._race (C:\Users\monit\AppData\Local\Temp\playwright-java-8829754345925081838\package\lib\utils\isomorphic\manualPromise.js:87:58)
    at LongStandingScope.race (C:\Users\monit\AppData\Local\Temp\playwright-java-8829754345925081838\package\lib\utils\isomorphic\manualPromise.js:80:17)
    at C:\Users\monit\AppData\Local\Temp\playwright-java-8829754345925081838\package\lib\utils\isomorphic\manualPromise.js:77:45
    at Array.map (<anonymous>)
    at LongStandingScope.raceMultiple (C:\Users\monit\AppData\Local\Temp\playwright-java-8829754345925081838\package\lib\utils\isomorphic\manualPromise.js:77:32)
    at Frame.raceNavigationAction (C:\Users\monit\AppData\Local\Temp\playwright-java-8829754345925081838\package\lib\server\frames.js:475:43)
    at Frame.goto (C:\Users\monit\AppData\Local\Temp\playwright-java-8829754345925081838\package\lib\server\frames.js:500:17)
    at FrameDispatcher.goto (C:\Users\monit\AppData\Local\Temp\playwright-java-8829754345925081838\package\lib\server\dispatchers\frameDispatcher.js:70:132)
    at C:\Users\monit\AppData\Local\Temp\playwright-java-8829754345925081838\package\lib\server\dispatchers\dispatcher.js:95:61
    at ProgressController.run (C:\Users\monit\AppData\Local\Temp\playwright-java-8829754345925081838\package\lib\server\progress.js:78:28)
    at FrameDispatcher._runCommand (C:\Users\monit\AppData\Local\Temp\playwright-java-8829754345925081838\package\lib\server\dispatchers\dispatcher.js:95:31)
    at DispatcherConnection.dispatch (C:\Users\monit\AppData\Local\Temp\playwright-java-8829754345925081838\package\lib\server\dispatchers\dispatcher.js:329:39)
}
Call log:
-   - navigating to "https://automationexercise.com/", waiting until "load"

at com.microsoft.playwright.impl.WaitableResult.get(WaitableResult.java:54)
at com.microsoft.playwright.impl.ChannelOwner.runUntil(ChannelOwner.java:138)
at com.microsoft.playwright.impl.Connection.sendMessage(Connection.java:131)
at com.microsoft.playwright.impl.ChannelOwner.sendMessage(ChannelOwner.java:124)
at com.microsoft.playwright.impl.FrameImpl.navigateImpl(FrameImpl.java:419)
at com.microsoft.playwright.impl.PageImpl.navigate(PageImpl.java:930)
at com.microsoft.playwright.impl.PageImpl.navigate(PageImpl.java:43)
at com.microsoft.playwright.Page.navigate(Page.java:5491)
at Utils.BrowserActions.launchBrowser(BrowserActions.java:25)
at TestCases.RegisterUser.registerUser(RegisterUser.java:25)
at java.base/jdk.internal.reflect.DirectMethodHandleAccessor.invoke(DirectMethodHandleAccessor.java:103)
at java.base/java.lang.reflect.Method.invoke(Method.java:580)
at org.testng.internal.invokers.MethodInvocationHelper.invokeMethod(MethodInvocationHelper.java:141)
at org.testng.internal.invokers.TestInvoker.invokeMethod(TestInvoker.java:687)
at org.testng.internal.invokers.TestInvoker.invokeTestMethod(TestInvoker.java:230)
at org.testng.internal.invokers.MethodRunner.runInSequence(MethodRunner.java:63)
at org.testng.internal.invokers.TestInvoker$MethodInvocationAgent.invoke(TestInvoker.java:995)
at org.testng.internal.invokers.TestInvoker.invokeTestMethods(TestInvoker.java:203)
at org.testng.internal.invokers.TestMethodWorker.invokeTestMethods(TestMethodWorker.java:154)
at org.testng.internal.invokers.TestMethodWorker.run(TestMethodWorker.java:134)
at java.base/java.util.ArrayList.forEach(ArrayList.java:1596)
at org.testng.TestRunner.privateRun(TestRunner.java:741)
at org.testng.TestRunner.run(TestRunner.java:616)
at org.testng.SuiteRunner.runTest(SuiteRunner.java:421)
at org.testng.SuiteRunner.runSequentially(SuiteRunner.java:413)
at org.testng.SuiteRunner.privateRun(SuiteRunner.java:373)
at org.testng.SuiteRunner.run(SuiteRunner.java:312)
at org.testng.SuiteRunnerWorker.runSuite(SuiteRunnerWorker.java:52)
at org.testng.SuiteRunnerWorker.run(SuiteRunnerWorker.java:95)
at org.testng.TestNG.runSuitesSequentially(TestNG.java:1274)
at org.testng.TestNG.runSuitesLocally(TestNG.java:1208)
at org.testng.TestNG.runSuites(TestNG.java:1112)
at org.testng.TestNG.run(TestNG.java:1079)
at org.testng.remote.AbstractRemoteTestNG.run(AbstractRemoteTestNG.java:115)
at org.testng.remote.RemoteTestNG.initAndRun(RemoteTestNG.java:293)
at org.testng.remote.RemoteTestNG.main(RemoteTestNG.java:91)
Caused by: com.microsoft.playwright.impl.TargetClosedError: Error {
  message='Target page, context or browser has been closed
  name='TargetClosedError
  stack='TargetClosedError:Target page, context or browser has been closed
Error
    at captureRawStack (C:\Users\monit\AppData\Local\Temp\playwright-java-8829754345925081838\package\lib\utils\isomorphic\stackTrace.js:32:17)
    at LongStandingScope._race (C:\Users\monit\AppData\Local\Temp\playwright-java-8829754345925081838\package\lib\utils\isomorphic\manualPromise.js:87:58)
    at LongStandingScope.race (C:\Users\monit\AppData\Local\Temp\playwright-java-8829754345925081838\package\lib\utils\isomorphic\manualPromise.js:80:17)
    at C:\Users\monit\AppData\Local\Temp\playwright-java-8829754345925081838\package\lib\utils\isomorphic\manualPromise.js:77:45
    at Array.map (<anonymous>)
    at LongStandingScope.raceMultiple (C:\Users\monit\AppData\Local\Temp\playwright-java-8829754345925081838\package\lib\utils\isomorphic\manualPromise.js:77:32)
    at Frame.raceNavigationAction (C:\Users\monit\AppData\Local\Temp\playwright-java-8829754345925081838\package\lib\server\frames.js:475:43)
    at Frame.goto (C:\Users\monit\AppData\Local\Temp\playwright-java-8829754345925081838\package\lib\server\frames.js:500:17)
    at FrameDispatcher.goto (C:\Users\monit\AppData\Local\Temp\playwright-java-8829754345925081838\package\lib\server\dispatchers\frameDispatcher.js:70:132)
    at C:\Users\monit\AppData\Local\Temp\playwright-java-8829754345925081838\package\lib\server\dispatchers\dispatcher.js:95:61
    at ProgressController.run (C:\Users\monit\AppData\Local\Temp\playwright-java-8829754345925081838\package\lib\server\progress.js:78:28)
    at FrameDispatcher._runCommand (C:\Users\monit\AppData\Local\Temp\playwright-java-8829754345925081838\package\lib\server\dispatchers\dispatcher.js:95:31)
    at DispatcherConnection.dispatch (C:\Users\monit\AppData\Local\Temp\playwright-java-8829754345925081838\package\lib\server\dispatchers\dispatcher.js:329:39)
}
Call log:
-   - navigating to "https://automationexercise.com/", waiting until "load"

at com.microsoft.playwright.impl.Connection.dispatch(Connection.java:259)
at com.microsoft.playwright.impl.Connection.processOneMessage(Connection.java:214)
at com.microsoft.playwright.impl.ChannelOwner.runUntil(ChannelOwner.java:136)
... 34 more
]]>
    </failure>
  </testcase> <!-- registerUser -->
</testsuite> <!-- Default test -->
